<?xml version="1.0" encoding="UTF-8"?>
<robot generator="Robot 3.2.2 (Python 3.7.3 on linux)" generated="20210207 19:24:36.551" rpa="false">
<suite id="s1" name="Tests" source="/Users/juhosaarinen/git/robotframework-after-jython/tests">
<suite id="s1-s1" name="DB" source="/Users/juhosaarinen/git/robotframework-after-jython/tests/DB.robot">
<kw name="Start H2 server" type="setup">
<msg timestamp="20210207 19:24:37.428" level="TRACE">Arguments: [  ]</msg>
<kw name="Set Variable" library="BuiltIn">
<doc>Returns the given values which can then be assigned to a variables.</doc>
<arguments>
<arg>jdbc:h2:mem:robotTest;DB_CLOSE_DELAY=-1</arg>
</arguments>
<assign>
<var>${DB connection string}</var>
</assign>
<msg timestamp="20210207 19:24:37.429" level="TRACE">Arguments: [ 'jdbc:h2:mem:robotTest;DB_CLOSE_DELAY=-1' ]</msg>
<msg timestamp="20210207 19:24:37.429" level="TRACE">Return: 'jdbc:h2:mem:robotTest;DB_CLOSE_DELAY=-1'</msg>
<msg timestamp="20210207 19:24:37.429" level="INFO">${DB connection string} = jdbc:h2:mem:robotTest;DB_CLOSE_DELAY=-1</msg>
<status status="PASS" starttime="20210207 19:24:37.429" endtime="20210207 19:24:37.429"></status>
</kw>
<kw name="Start Process" library="Process">
<doc>Starts a new process on background.</doc>
<arguments>
<arg>java</arg>
<arg>-cp</arg>
<arg>${maven.test.classpath}</arg>
<arg>org.h2.tools.Server</arg>
<arg>-tcp</arg>
<arg>-tcpAllowOthers</arg>
</arguments>
<msg timestamp="20210207 19:24:37.429" level="TRACE">Arguments: [ 'java' | '-cp' | '/Users/juhosaarinen/git/robotframework-after-jython/jpype/target/test-classes:/Users/juhosaarinen/git/robotframework-after-jython/jpype/target/classes:/root/.m2/repository/com/github/marketsquare/robotframework-httprequestlibrary/0.0.17/robotframework-httprequestlibrary-0.0.17.jar:/root/.m2/repository/org/robotframework/javalib-core/2.0.3/javalib-core-2.0.3.jar:/root/.m2/repository/org/apache/commons/commons-collections4/4.4/commons-collections4-4.4.jar:/root/.m2/repository/com/github/hi-fi/httpclient/0.0.7/httpclient-0.0.7.jar:/root/.m2/repository/org/apache/httpcomponents/httpclient/4.5.12/httpclient-4.5.12.jar:/root/.m2/repository/org/apache/httpcomponents/httpcore/4.4.13/httpcore-4.4.13.jar:/root/.m2/repository/commons-codec/commons-codec/1.11/commons-codec-1.11.jar:/root/.m2/repository/org/apache/httpcomponents/httpmime/4.5.12/httpmime-4.5.12.jar:/root/.m2/repository/org/apache/httpcomponents/httpclient-win/4.5.12/httpclient-win-4.5.12.jar:/root/.m2/repository/net/java/dev/jna/jna/4.5.2/jna-4.5.2.jar:/root/.m2/repository/net/java/dev/jna/jna-platform/4.5.2/jna-platform-4.5.2.jar:/root/.m2/repository/commons-io/commons-io/2.8.0/commons-io-2.8.0.jar:/root/.m2/repository/org/apache/commons/commons-lang3/3.11/commons-lang3-3.11.jar:/root/.m2/repository/org/apache/logging/log4j/log4j-api/2.13.3/log4j-api-2.13.3.jar:/root/.m2/repository/org/apache/logging/log4j/log4j-core/2.13.3/log4j-core-2.13.3.jar:/root/.m2/repository/com/google/code/gson/gson/2.8.6/gson-2.8.6.jar:/root/.m2/repository/commons-logging/commons-logging/1.2/commons-logging-1.2.jar:/root/.m2/repository/org/python/jython/2.7.2/jython-2.7.2.jar:/root/.m2/repository/org/robotframework/robotframework/3.2.2/robotframework-3.2.2.jar:/root/.m2/repository/com/github/marketsquare/robotframework-dblibrary/3.2.0/robotframework-dblibrary-3.2.0.jar:/root/.m2/repository/com/h2database/h2/1.4.200/h2-1.4.200.jar:/Users/juhosaarinen/git/robotframework-after-jython/jpype/target/classes:/root/.m2/repository/com/github/marketsquare/robotframework-httprequestlibrary/0.0.17/robotframework-httprequestlibrary-0.0.17.jar:/root/.m2/repository/org/robotframework/javalib-core/2.0.3/javalib-core-2.0.3.jar:/root/.m2/repository/org/apache/commons/commons-collections4/4.4/commons-collections4-4.4.jar:/root/.m2/repository/com/github/hi-fi/httpclient/0.0.7/httpclient-0.0.7.jar:/root/.m2/repository/org/apache/httpcomponents/httpclient/4.5.12/httpclient-4.5.12.jar:/root/.m2/repository/org/apache/httpcomponents/httpcore/4.4.13/httpcore-4.4.13.jar:/root/.m2/repository/commons-codec/commons-codec/1.11/commons-codec-1.11.jar:/root/.m2/repository/org/apache/httpcomponents/httpmime/4.5.12/httpmime-4.5.12.jar:/root/.m2/repository/org/apache/httpcomponents/httpclient-win/4.5.12/httpclient-win-4.5.12.jar:/root/.m2/repository/net/java/dev/jna/jna/4.5.2/jna-4.5.2.jar:/root/.m2/repository/net/java/dev/jna/jna-platform/4.5.2/jna-platform-4.5.2.jar:/root/.m2/repository/commons-io/commons-io/2.8.0/commons-io-2.8.0.jar:/root/.m2/repository/org/apache/commons/commons-lang3/3.11/commons-lang3-3.11.jar:/root/.m2/repository/org/apache/logging/log4j/log4j-api/2.13.3/log4j-api-2.13.3.jar:/root/.m2/repository/org/apache/logging/log4j/log4j-core/2.13.3/log4j-core-2.13.3.jar:/root/.m2/repository/com/google/code/gson/gson/2.8.6/gson-2.8.6.jar:/root/.m2/repository/commons-logging/commons-logging/1.2/commons-logging-1.2.jar:/root/.m2/repository/org/python/jython/2.7.2/jython-2.7.2.jar:/root/.m2/repository/org/robotframework/robotframework/3.2.2/robotframework-3.2.2.jar:/root/.m2/repository/com/github/marketsquare/robotframework-dblibrary/3.2.0/robotframework-dblibrary-3.2.0.jar' | 'org.h2.tools.Server' | '-tcp' | '-tcpAllowOthers' ]</msg>
<msg timestamp="20210207 19:24:37.430" level="INFO">Starting process:
java -cp /Users/juhosaarinen/git/robotframework-after-jython/jpype/target/test-classes:/Users/juhosaarinen/git/robotframework-after-jython/jpype/target/classes:/root/.m2/repository/com/github/marketsquare/robotframework-httprequestlibrary/0.0.17/robotframework-httprequestlibrary-0.0.17.jar:/root/.m2/repository/org/robotframework/javalib-core/2.0.3/javalib-core-2.0.3.jar:/root/.m2/repository/org/apache/commons/commons-collections4/4.4/commons-collections4-4.4.jar:/root/.m2/repository/com/github/hi-fi/httpclient/0.0.7/httpclient-0.0.7.jar:/root/.m2/repository/org/apache/httpcomponents/httpclient/4.5.12/httpclient-4.5.12.jar:/root/.m2/repository/org/apache/httpcomponents/httpcore/4.4.13/httpcore-4.4.13.jar:/root/.m2/repository/commons-codec/commons-codec/1.11/commons-codec-1.11.jar:/root/.m2/repository/org/apache/httpcomponents/httpmime/4.5.12/httpmime-4.5.12.jar:/root/.m2/repository/org/apache/httpcomponents/httpclient-win/4.5.12/httpclient-win-4.5.12.jar:/root/.m2/repository/net/java/dev/jna/jna/4.5.2/jna-4.5.2.jar:/root/.m2/repository/net/java/dev/jna/jna-platform/4.5.2/jna-platform-4.5.2.jar:/root/.m2/repository/commons-io/commons-io/2.8.0/commons-io-2.8.0.jar:/root/.m2/repository/org/apache/commons/commons-lang3/3.11/commons-lang3-3.11.jar:/root/.m2/repository/org/apache/logging/log4j/log4j-api/2.13.3/log4j-api-2.13.3.jar:/root/.m2/repository/org/apache/logging/log4j/log4j-core/2.13.3/log4j-core-2.13.3.jar:/root/.m2/repository/com/google/code/gson/gson/2.8.6/gson-2.8.6.jar:/root/.m2/repository/commons-logging/commons-logging/1.2/commons-logging-1.2.jar:/root/.m2/repository/org/python/jython/2.7.2/jython-2.7.2.jar:/root/.m2/repository/org/robotframework/robotframework/3.2.2/robotframework-3.2.2.jar:/root/.m2/repository/com/github/marketsquare/robotframework-dblibrary/3.2.0/robotframework-dblibrary-3.2.0.jar:/root/.m2/repository/com/h2database/h2/1.4.200/h2-1.4.200.jar:/Users/juhosaarinen/git/robotframework-after-jython/jpype/target/classes:/root/.m2/repository/com/github/marketsquare/robotframework-httprequestlibrary/0.0.17/robotframework-httprequestlibrary-0.0.17.jar:/root/.m2/repository/org/robotframework/javalib-core/2.0.3/javalib-core-2.0.3.jar:/root/.m2/repository/org/apache/commons/commons-collections4/4.4/commons-collections4-4.4.jar:/root/.m2/repository/com/github/hi-fi/httpclient/0.0.7/httpclient-0.0.7.jar:/root/.m2/repository/org/apache/httpcomponents/httpclient/4.5.12/httpclient-4.5.12.jar:/root/.m2/repository/org/apache/httpcomponents/httpcore/4.4.13/httpcore-4.4.13.jar:/root/.m2/repository/commons-codec/commons-codec/1.11/commons-codec-1.11.jar:/root/.m2/repository/org/apache/httpcomponents/httpmime/4.5.12/httpmime-4.5.12.jar:/root/.m2/repository/org/apache/httpcomponents/httpclient-win/4.5.12/httpclient-win-4.5.12.jar:/root/.m2/repository/net/java/dev/jna/jna/4.5.2/jna-4.5.2.jar:/root/.m2/repository/net/java/dev/jna/jna-platform/4.5.2/jna-platform-4.5.2.jar:/root/.m2/repository/commons-io/commons-io/2.8.0/commons-io-2.8.0.jar:/root/.m2/repository/org/apache/commons/commons-lang3/3.11/commons-lang3-3.11.jar:/root/.m2/repository/org/apache/logging/log4j/log4j-api/2.13.3/log4j-api-2.13.3.jar:/root/.m2/repository/org/apache/logging/log4j/log4j-core/2.13.3/log4j-core-2.13.3.jar:/root/.m2/repository/com/google/code/gson/gson/2.8.6/gson-2.8.6.jar:/root/.m2/repository/commons-logging/commons-logging/1.2/commons-logging-1.2.jar:/root/.m2/repository/org/python/jython/2.7.2/jython-2.7.2.jar:/root/.m2/repository/org/robotframework/robotframework/3.2.2/robotframework-3.2.2.jar:/root/.m2/repository/com/github/marketsquare/robotframework-dblibrary/3.2.0/robotframework-dblibrary-3.2.0.jar org.h2.tools.Server -tcp -tcpAllowOthers</msg>
<msg timestamp="20210207 19:24:37.431" level="DEBUG">Process configuration:
cwd:     /Users/juhosaarinen/git/robotframework-after-jython/jpype
shell:   False
stdout:  PIPE
stderr:  PIPE
alias:   None
env:     None</msg>
<msg timestamp="20210207 19:24:37.437" level="TRACE">Return: 1</msg>
<status status="PASS" starttime="20210207 19:24:37.429" endtime="20210207 19:24:37.437"></status>
</kw>
<kw name="Connect To Database" library="JavaLib">
<doc>Establish the connection to the database. This is mandatory before any ofthe other keywords can be used and should be ideally done during the suite setup phase. To avoid problems ensure to close the connection again using the disconnect-keyword.</doc>
<arguments>
<arg>org.h2.Driver</arg>
<arg>${DB connection string}</arg>
<arg>sa</arg>
<arg>${EMPTY}</arg>
</arguments>
<msg timestamp="20210207 19:24:37.438" level="TRACE">Arguments: [ 'org.h2.Driver' | 'jdbc:h2:mem:robotTest;DB_CLOSE_DELAY=-1' | 'sa' | '' ]</msg>
<msg timestamp="20210207 19:24:38.439" level="TRACE">Return: None</msg>
<status status="PASS" starttime="20210207 19:24:37.438" endtime="20210207 19:24:38.439"></status>
</kw>
<msg timestamp="20210207 19:24:38.439" level="TRACE">Return: None</msg>
<status status="PASS" starttime="20210207 19:24:37.428" endtime="20210207 19:24:38.439"></status>
</kw>
<test id="s1-s1-t1" name="Create Test Table">
<kw name="Execute Sql" library="JavaLib">
<doc>Executes the given SQL without any further modifications. The given SQL must be valid for the database that is used. Results are returned as a list of dictionaries</doc>
<arguments>
<arg>CREATE TABLE DemoTable (Id INT NOT NULL, Name VARCHAR(255))</arg>
</arguments>
<msg timestamp="20210207 19:24:38.440" level="TRACE">Arguments: [ 'CREATE TABLE DemoTable (Id INT NOT NULL, Name VARCHAR(255))' ]</msg>
<msg timestamp="20210207 19:24:38.459" level="TRACE">Return: &lt;java object 'java.util.ArrayList'&gt;</msg>
<status status="PASS" starttime="20210207 19:24:38.440" endtime="20210207 19:24:38.459"></status>
</kw>
<kw name="Execute Sql" library="JavaLib">
<doc>Executes the given SQL without any further modifications. The given SQL must be valid for the database that is used. Results are returned as a list of dictionaries</doc>
<arguments>
<arg>ALTER TABLE DemoTable ADD PRIMARY KEY (Id);</arg>
</arguments>
<msg timestamp="20210207 19:24:38.459" level="TRACE">Arguments: [ 'ALTER TABLE DemoTable ADD PRIMARY KEY (Id);' ]</msg>
<msg timestamp="20210207 19:24:38.472" level="TRACE">Return: &lt;java object 'java.util.ArrayList'&gt;</msg>
<status status="PASS" starttime="20210207 19:24:38.459" endtime="20210207 19:24:38.472"></status>
</kw>
<kw name="Table Must Exist" library="JavaLib">
<doc>Checks that a table with the given name exists. If the table does not exist the test will fail.</doc>
<arguments>
<arg>DEMOTABLE</arg>
</arguments>
<msg timestamp="20210207 19:24:38.472" level="TRACE">Arguments: [ 'DEMOTABLE' ]</msg>
<msg timestamp="20210207 19:24:38.574" level="TRACE">Return: None</msg>
<status status="PASS" starttime="20210207 19:24:38.472" endtime="20210207 19:24:38.574"></status>
</kw>
<kw name="Table Must Be Empty" library="JavaLib">
<doc>Checks that the given table has no rows. It is a convenience way of using the 'Table Must Contain Number Of Rows' with zero for the amount of rows.</doc>
<arguments>
<arg>DEMOTABLE</arg>
</arguments>
<msg timestamp="20210207 19:24:38.575" level="TRACE">Arguments: [ 'DEMOTABLE' ]</msg>
<msg timestamp="20210207 19:24:38.579" level="TRACE">Return: None</msg>
<status status="PASS" starttime="20210207 19:24:38.574" endtime="20210207 19:24:38.579"></status>
</kw>
<kw name="Check Primary Key Columns For Table" library="JavaLib">
<doc>Checks that the primary key columns of a given table match the columns given as a comma-separated list. Note that the given list must be ordered by the name of the columns. Upper and lower case for the columns as such is ignored by comparing the values after converting both to lower case. </doc>
<arguments>
<arg>DEMOTABLE</arg>
<arg>Id</arg>
</arguments>
<msg timestamp="20210207 19:24:38.579" level="TRACE">Arguments: [ 'DEMOTABLE' | 'Id' ]</msg>
<msg timestamp="20210207 19:24:38.614" level="TRACE">Return: None</msg>
<status status="PASS" starttime="20210207 19:24:38.579" endtime="20210207 19:24:38.614"></status>
</kw>
<doc>Creates the test table used for testing throughout the demo.</doc>
<status status="PASS" starttime="20210207 19:24:38.439" endtime="20210207 19:24:38.615" critical="yes"></status>
</test>
<kw name="Stop H2 server" type="teardown">
<msg timestamp="20210207 19:24:38.616" level="TRACE">Arguments: [  ]</msg>
<kw name="Disconnect From Database" library="JavaLib">
<doc>Releases the existing connection to the database. In addition thiskeyword will log any SQLWarnings that might have been occurred on the connection.
If current connection is closed and there's still some open, you have to activate that manually.
Example:
| Disconnect from Database | default |</doc>
<msg timestamp="20210207 19:24:38.616" level="TRACE">Arguments: [  ]</msg>
<msg timestamp="20210207 19:24:38.633" level="TRACE">Return: None</msg>
<status status="PASS" starttime="20210207 19:24:38.616" endtime="20210207 19:24:38.633"></status>
</kw>
<kw name="Run Process" library="Process">
<doc>Runs a process and waits for it to complete.</doc>
<arguments>
<arg>java</arg>
<arg>-cp</arg>
<arg>${maven.test.classpath}</arg>
<arg>org.h2.tools.Server</arg>
<arg>-tcpShutdown</arg>
<arg>tcp://localhost:9092</arg>
</arguments>
<msg timestamp="20210207 19:24:38.634" level="TRACE">Arguments: [ 'java' | '-cp' | '/Users/juhosaarinen/git/robotframework-after-jython/jpype/target/test-classes:/Users/juhosaarinen/git/robotframework-after-jython/jpype/target/classes:/root/.m2/repository/com/github/marketsquare/robotframework-httprequestlibrary/0.0.17/robotframework-httprequestlibrary-0.0.17.jar:/root/.m2/repository/org/robotframework/javalib-core/2.0.3/javalib-core-2.0.3.jar:/root/.m2/repository/org/apache/commons/commons-collections4/4.4/commons-collections4-4.4.jar:/root/.m2/repository/com/github/hi-fi/httpclient/0.0.7/httpclient-0.0.7.jar:/root/.m2/repository/org/apache/httpcomponents/httpclient/4.5.12/httpclient-4.5.12.jar:/root/.m2/repository/org/apache/httpcomponents/httpcore/4.4.13/httpcore-4.4.13.jar:/root/.m2/repository/commons-codec/commons-codec/1.11/commons-codec-1.11.jar:/root/.m2/repository/org/apache/httpcomponents/httpmime/4.5.12/httpmime-4.5.12.jar:/root/.m2/repository/org/apache/httpcomponents/httpclient-win/4.5.12/httpclient-win-4.5.12.jar:/root/.m2/repository/net/java/dev/jna/jna/4.5.2/jna-4.5.2.jar:/root/.m2/repository/net/java/dev/jna/jna-platform/4.5.2/jna-platform-4.5.2.jar:/root/.m2/repository/commons-io/commons-io/2.8.0/commons-io-2.8.0.jar:/root/.m2/repository/org/apache/commons/commons-lang3/3.11/commons-lang3-3.11.jar:/root/.m2/repository/org/apache/logging/log4j/log4j-api/2.13.3/log4j-api-2.13.3.jar:/root/.m2/repository/org/apache/logging/log4j/log4j-core/2.13.3/log4j-core-2.13.3.jar:/root/.m2/repository/com/google/code/gson/gson/2.8.6/gson-2.8.6.jar:/root/.m2/repository/commons-logging/commons-logging/1.2/commons-logging-1.2.jar:/root/.m2/repository/org/python/jython/2.7.2/jython-2.7.2.jar:/root/.m2/repository/org/robotframework/robotframework/3.2.2/robotframework-3.2.2.jar:/root/.m2/repository/com/github/marketsquare/robotframework-dblibrary/3.2.0/robotframework-dblibrary-3.2.0.jar:/root/.m2/repository/com/h2database/h2/1.4.200/h2-1.4.200.jar:/Users/juhosaarinen/git/robotframework-after-jython/jpype/target/classes:/root/.m2/repository/com/github/marketsquare/robotframework-httprequestlibrary/0.0.17/robotframework-httprequestlibrary-0.0.17.jar:/root/.m2/repository/org/robotframework/javalib-core/2.0.3/javalib-core-2.0.3.jar:/root/.m2/repository/org/apache/commons/commons-collections4/4.4/commons-collections4-4.4.jar:/root/.m2/repository/com/github/hi-fi/httpclient/0.0.7/httpclient-0.0.7.jar:/root/.m2/repository/org/apache/httpcomponents/httpclient/4.5.12/httpclient-4.5.12.jar:/root/.m2/repository/org/apache/httpcomponents/httpcore/4.4.13/httpcore-4.4.13.jar:/root/.m2/repository/commons-codec/commons-codec/1.11/commons-codec-1.11.jar:/root/.m2/repository/org/apache/httpcomponents/httpmime/4.5.12/httpmime-4.5.12.jar:/root/.m2/repository/org/apache/httpcomponents/httpclient-win/4.5.12/httpclient-win-4.5.12.jar:/root/.m2/repository/net/java/dev/jna/jna/4.5.2/jna-4.5.2.jar:/root/.m2/repository/net/java/dev/jna/jna-platform/4.5.2/jna-platform-4.5.2.jar:/root/.m2/repository/commons-io/commons-io/2.8.0/commons-io-2.8.0.jar:/root/.m2/repository/org/apache/commons/commons-lang3/3.11/commons-lang3-3.11.jar:/root/.m2/repository/org/apache/logging/log4j/log4j-api/2.13.3/log4j-api-2.13.3.jar:/root/.m2/repository/org/apache/logging/log4j/log4j-core/2.13.3/log4j-core-2.13.3.jar:/root/.m2/repository/com/google/code/gson/gson/2.8.6/gson-2.8.6.jar:/root/.m2/repository/commons-logging/commons-logging/1.2/commons-logging-1.2.jar:/root/.m2/repository/org/python/jython/2.7.2/jython-2.7.2.jar:/root/.m2/repository/org/robotframework/robotframework/3.2.2/robotframework-3.2.2.jar:/root/.m2/repository/com/github/marketsquare/robotframework-dblibrary/3.2.0/robotframework-dblibrary-3.2.0.jar' | 'org.h2.tools.Server' | '-tcpShutdown' | 'tcp://localhost:9092' ]</msg>
<msg timestamp="20210207 19:24:38.636" level="INFO">Starting process:
java -cp /Users/juhosaarinen/git/robotframework-after-jython/jpype/target/test-classes:/Users/juhosaarinen/git/robotframework-after-jython/jpype/target/classes:/root/.m2/repository/com/github/marketsquare/robotframework-httprequestlibrary/0.0.17/robotframework-httprequestlibrary-0.0.17.jar:/root/.m2/repository/org/robotframework/javalib-core/2.0.3/javalib-core-2.0.3.jar:/root/.m2/repository/org/apache/commons/commons-collections4/4.4/commons-collections4-4.4.jar:/root/.m2/repository/com/github/hi-fi/httpclient/0.0.7/httpclient-0.0.7.jar:/root/.m2/repository/org/apache/httpcomponents/httpclient/4.5.12/httpclient-4.5.12.jar:/root/.m2/repository/org/apache/httpcomponents/httpcore/4.4.13/httpcore-4.4.13.jar:/root/.m2/repository/commons-codec/commons-codec/1.11/commons-codec-1.11.jar:/root/.m2/repository/org/apache/httpcomponents/httpmime/4.5.12/httpmime-4.5.12.jar:/root/.m2/repository/org/apache/httpcomponents/httpclient-win/4.5.12/httpclient-win-4.5.12.jar:/root/.m2/repository/net/java/dev/jna/jna/4.5.2/jna-4.5.2.jar:/root/.m2/repository/net/java/dev/jna/jna-platform/4.5.2/jna-platform-4.5.2.jar:/root/.m2/repository/commons-io/commons-io/2.8.0/commons-io-2.8.0.jar:/root/.m2/repository/org/apache/commons/commons-lang3/3.11/commons-lang3-3.11.jar:/root/.m2/repository/org/apache/logging/log4j/log4j-api/2.13.3/log4j-api-2.13.3.jar:/root/.m2/repository/org/apache/logging/log4j/log4j-core/2.13.3/log4j-core-2.13.3.jar:/root/.m2/repository/com/google/code/gson/gson/2.8.6/gson-2.8.6.jar:/root/.m2/repository/commons-logging/commons-logging/1.2/commons-logging-1.2.jar:/root/.m2/repository/org/python/jython/2.7.2/jython-2.7.2.jar:/root/.m2/repository/org/robotframework/robotframework/3.2.2/robotframework-3.2.2.jar:/root/.m2/repository/com/github/marketsquare/robotframework-dblibrary/3.2.0/robotframework-dblibrary-3.2.0.jar:/root/.m2/repository/com/h2database/h2/1.4.200/h2-1.4.200.jar:/Users/juhosaarinen/git/robotframework-after-jython/jpype/target/classes:/root/.m2/repository/com/github/marketsquare/robotframework-httprequestlibrary/0.0.17/robotframework-httprequestlibrary-0.0.17.jar:/root/.m2/repository/org/robotframework/javalib-core/2.0.3/javalib-core-2.0.3.jar:/root/.m2/repository/org/apache/commons/commons-collections4/4.4/commons-collections4-4.4.jar:/root/.m2/repository/com/github/hi-fi/httpclient/0.0.7/httpclient-0.0.7.jar:/root/.m2/repository/org/apache/httpcomponents/httpclient/4.5.12/httpclient-4.5.12.jar:/root/.m2/repository/org/apache/httpcomponents/httpcore/4.4.13/httpcore-4.4.13.jar:/root/.m2/repository/commons-codec/commons-codec/1.11/commons-codec-1.11.jar:/root/.m2/repository/org/apache/httpcomponents/httpmime/4.5.12/httpmime-4.5.12.jar:/root/.m2/repository/org/apache/httpcomponents/httpclient-win/4.5.12/httpclient-win-4.5.12.jar:/root/.m2/repository/net/java/dev/jna/jna/4.5.2/jna-4.5.2.jar:/root/.m2/repository/net/java/dev/jna/jna-platform/4.5.2/jna-platform-4.5.2.jar:/root/.m2/repository/commons-io/commons-io/2.8.0/commons-io-2.8.0.jar:/root/.m2/repository/org/apache/commons/commons-lang3/3.11/commons-lang3-3.11.jar:/root/.m2/repository/org/apache/logging/log4j/log4j-api/2.13.3/log4j-api-2.13.3.jar:/root/.m2/repository/org/apache/logging/log4j/log4j-core/2.13.3/log4j-core-2.13.3.jar:/root/.m2/repository/com/google/code/gson/gson/2.8.6/gson-2.8.6.jar:/root/.m2/repository/commons-logging/commons-logging/1.2/commons-logging-1.2.jar:/root/.m2/repository/org/python/jython/2.7.2/jython-2.7.2.jar:/root/.m2/repository/org/robotframework/robotframework/3.2.2/robotframework-3.2.2.jar:/root/.m2/repository/com/github/marketsquare/robotframework-dblibrary/3.2.0/robotframework-dblibrary-3.2.0.jar org.h2.tools.Server -tcpShutdown tcp://localhost:9092</msg>
<msg timestamp="20210207 19:24:38.636" level="DEBUG">Process configuration:
cwd:     /Users/juhosaarinen/git/robotframework-after-jython/jpype
shell:   False
stdout:  PIPE
stderr:  PIPE
alias:   None
env:     None</msg>
<msg timestamp="20210207 19:24:38.644" level="INFO">Waiting for process to complete.</msg>
<msg timestamp="20210207 19:24:47.243" level="INFO">Process completed.</msg>
<msg timestamp="20210207 19:24:47.244" level="TRACE">Return: &lt;robot.libraries.Process.ExecutionResult object at 0x7fdc0c6be080&gt;</msg>
<status status="PASS" starttime="20210207 19:24:38.634" endtime="20210207 19:24:47.244"></status>
</kw>
<msg timestamp="20210207 19:24:47.244" level="TRACE">Return: None</msg>
<status status="PASS" starttime="20210207 19:24:38.615" endtime="20210207 19:24:47.244"></status>
</kw>
<status status="PASS" starttime="20210207 19:24:36.577" endtime="20210207 19:24:47.244"></status>
</suite>
<suite id="s1-s2" name="PythonLibrary" source="/Users/juhosaarinen/git/robotframework-after-jython/tests/PythonLibrary.robot">
<test id="s1-s2-t1" name="Date parsing with Python library">
<kw name="Get Current Date" library="DateTime">
<doc>Returns current local or UTC time with an optional increment.</doc>
<arguments>
<arg>UTC</arg>
<arg>result_format=%a %b %d %Y %H:%M:%S</arg>
</arguments>
<assign>
<var>${timestamp}</var>
</assign>
<msg timestamp="20210207 19:24:47.253" level="TRACE">Arguments: [ 'UTC' | result_format='%a %b %d %Y %H:%M:%S' ]</msg>
<msg timestamp="20210207 19:24:47.253" level="TRACE">Return: 'Sun Feb 07 2021 19:24:47'</msg>
<msg timestamp="20210207 19:24:47.254" level="INFO">${timestamp} = Sun Feb 07 2021 19:24:47</msg>
<status status="PASS" starttime="20210207 19:24:47.253" endtime="20210207 19:24:47.254"></status>
</kw>
<kw name="Get Current Date" library="DateTime">
<doc>Returns current local or UTC time with an optional increment.</doc>
<arguments>
<arg>UTC</arg>
<arg>result_format=datetime</arg>
</arguments>
<assign>
<var>${datetime}</var>
</assign>
<msg timestamp="20210207 19:24:47.254" level="TRACE">Arguments: [ 'UTC' | result_format='datetime' ]</msg>
<msg timestamp="20210207 19:24:47.254" level="TRACE">Return: datetime.datetime(2021, 2, 7, 19, 24, 47, 253958)</msg>
<msg timestamp="20210207 19:24:47.254" level="INFO">${datetime} = 2021-02-07 19:24:47.253958</msg>
<status status="PASS" starttime="20210207 19:24:47.254" endtime="20210207 19:24:47.254"></status>
</kw>
<kw name="Set Variable" library="BuiltIn">
<doc>Returns the given values which can then be assigned to a variables.</doc>
<arguments>
<arg>${datetime.year}-${datetime.month}-${datetime.day}</arg>
</arguments>
<assign>
<var>${convertedDate}</var>
</assign>
<msg timestamp="20210207 19:24:47.255" level="TRACE">Arguments: [ '2021-2-7' ]</msg>
<msg timestamp="20210207 19:24:47.255" level="TRACE">Return: '2021-2-7'</msg>
<msg timestamp="20210207 19:24:47.255" level="INFO">${convertedDate} = 2021-2-7</msg>
<status status="PASS" starttime="20210207 19:24:47.254" endtime="20210207 19:24:47.255"></status>
</kw>
<kw name="Split Date" library="DateFormatterLibrary">
<arguments>
<arg>${timestamp}</arg>
</arguments>
<assign>
<var>${libraryDate}</var>
</assign>
<msg timestamp="20210207 19:24:47.255" level="TRACE">Arguments: [ 'Sun Feb 07 2021 19:24:47' ]</msg>
<msg timestamp="20210207 19:24:47.259" level="TRACE">Return: '2021-2-7'</msg>
<msg timestamp="20210207 19:24:47.259" level="INFO">${libraryDate} = 2021-2-7</msg>
<status status="PASS" starttime="20210207 19:24:47.255" endtime="20210207 19:24:47.259"></status>
</kw>
<kw name="Should Be Equal As Strings" library="BuiltIn">
<doc>Fails if objects are unequal after converting them to strings.</doc>
<arguments>
<arg>${convertedDate}</arg>
<arg>${libraryDate}</arg>
</arguments>
<msg timestamp="20210207 19:24:47.259" level="TRACE">Arguments: [ '2021-2-7' | '2021-2-7' ]</msg>
<msg timestamp="20210207 19:24:47.259" level="DEBUG">Argument types are:
&lt;type 'unicode'&gt;
&lt;type 'unicode'&gt;</msg>
<msg timestamp="20210207 19:24:47.259" level="TRACE">Return: None</msg>
<status status="PASS" starttime="20210207 19:24:47.259" endtime="20210207 19:24:47.259"></status>
</kw>
<status status="PASS" starttime="20210207 19:24:47.252" endtime="20210207 19:24:47.260" critical="yes"></status>
</test>
<doc>Suite utilizes Python test library. Note that JVM executes tests with Jython 2.7, so Python libraries should be working with Python 2.x</doc>
<status status="PASS" starttime="20210207 19:24:47.246" endtime="20210207 19:24:47.260"></status>
</suite>
<suite id="s1-s3" name="REST" source="/Users/juhosaarinen/git/robotframework-after-jython/tests/REST.robot">
<test id="s1-s3-t1" name="Get Google">
<kw name="Create Session" library="JavaLib">
<doc>Create a HTTP session to a server</doc>
<arguments>
<arg>google</arg>
<arg>${sessionURL}</arg>
</arguments>
<msg timestamp="20210207 19:24:47.271" level="TRACE">Arguments: [ 'google' | 'http://www.google.com' ]</msg>
<msg timestamp="20210207 19:24:47.890" level="TRACE">Return: None</msg>
<status status="PASS" starttime="20210207 19:24:47.271" endtime="20210207 19:24:47.890"></status>
</kw>
<kw name="Get Request" library="JavaLib">
<doc> Send a GET request on the session object found using the</doc>
<arguments>
<arg>google</arg>
<arg>/</arg>
</arguments>
<assign>
<var>${resp}</var>
</assign>
<msg timestamp="20210207 19:24:47.890" level="TRACE">Arguments: [ 'google' | '/' ]</msg>
<msg timestamp="20210207 19:24:48.408" level="TRACE">Return: &lt;java object 'com.github.hi_fi.httpclient.domain.ResponseData'&gt;</msg>
<msg timestamp="20210207 19:24:48.434" level="INFO">${resp} = {"status_code":200,"text":"\u003c!doctype html\u003e\u003chtml itemscope\u003d\"\" itemtype\u003d\"http://schema.org/WebPage\" lang\u003d\"fi\"\u003e\u003chead\u003e\u003cmeta content\u003d\"text/html...</msg>
<status status="PASS" starttime="20210207 19:24:47.890" endtime="20210207 19:24:48.435"></status>
</kw>
<kw name="Should Be Equal As Strings" library="BuiltIn">
<doc>Fails if objects are unequal after converting them to strings.</doc>
<arguments>
<arg>${resp.status_code}</arg>
<arg>200</arg>
</arguments>
<msg timestamp="20210207 19:24:48.435" level="TRACE">Arguments: [ 200 | '200' ]</msg>
<msg timestamp="20210207 19:24:48.435" level="INFO">Argument types are:
&lt;java class 'JInt'&gt;
&lt;type 'unicode'&gt;</msg>
<msg timestamp="20210207 19:24:48.435" level="TRACE">Return: None</msg>
<status status="PASS" starttime="20210207 19:24:48.435" endtime="20210207 19:24:48.435"></status>
</kw>
<kw name="Log" library="BuiltIn">
<doc>Logs the given message with the given level.</doc>
<arguments>
<arg>${resp.content}</arg>
</arguments>
<msg timestamp="20210207 19:24:48.436" level="TRACE">Arguments: [ '&lt;!doctype html&gt;&lt;html itemscope="" itemtype="http://schema.org/WebPage" lang="fi"&gt;&lt;head&gt;&lt;meta content="text/html; charset=UTF-8" http-equiv="Content-Type"&gt;&lt;meta content="/images/branding/googleg/1x/googleg_standard_color_128dp.png" itemprop="image"&gt;&lt;title&gt;Google&lt;/title&gt;&lt;script nonce="D5fz/Fquo9hulHPl9dgxKA=="&gt;(function(){window.google={kEI:'gD4gYMySBcOAkwWdmIOoDg',kEXPI:'0,18168,1341241,954,5105,206,3204,10,1590,2316,383,246,5,304,1050,4414,3,834,7889,1114626,1233,1196492,557,328985,51223,16115,28684,9188,8384,1326,3532,1362,9291,3021,2823,1923,6,12835,4998,13228,2054,919,874,4192,6430,14528,4516,2778,919,2277,8,2796,1593,1279,2212,530,149,1103,842,515,1524,155,4101,312,1137,2,2063,606,2023,1777,520,2676,1500,93,330,1282,462,2481,4567,1279,3227,2845,7,12354,5096,7877,4928,108,2855,552,908,2,941,2614,2397,7468,3277,3,346,230,970,865,4625,148,5991,7984,4,1528,2304,217,1019,1145,4752,1697,2892,460,1555,1305,2486,276,1035,6025,713,1,1388,939,2454,1753,2658,491,3752,56,462,912,564,299,165,655,31,1303,2551,3022,211,1043,3285,2213,1397,908,638,1494,605,2,888,4,592,3176,319,2361,55,3187,2246,50,1307,587,11,731,665,2145,376,3294,2346,196,479,142,370,1963,777,363,20,2236,882,6,524,384,3,184,3357,1,1036,2,625,4323,521,492,613,1858,475,368,132,1008,3257,1187,665,245,38,454,208,2619,194,833,1941,617,545,571,144,1,91,146,164,139,1,525,127,2,60,421,593,179,2363,285,397,32,368,32,266,3303,77,424,80,966,34,190,2,79,259,218,4,114,720,177,404,246,173,305,210,44,445,207,2,54,194,175,63,109,537,799,215,3,2,9,270,992,574,1318,393,904,2,5696956,3870,35,62,8797949,549,333,444,1,2,80,1,900,896,1,9,2,2551,1,748,141,59,736,563,1,4265,1,1,2,1331,3299,248,595,1,2608,155,17,13,14,8,4,15,16,15,33,4,1,23,4,23,50,23957258,4010737,519',kBL:'yH2-'};google.sn='webhp';google.kHL='fi';})();(function(){
google.lc=[];google.li=0;google.getEI=function(a){for(var b;a&amp;&amp;(!a.getAttribute||!(b=a.getAttribute("eid")));)a=a.parentNode;return b||google.kEI};google.getLEI=function(a){for(var b=null;a&amp;&amp;(!a.getAttribute||!(b=a.getAttribute("leid")));)a=a.parentNode;return b};google.ml=function(){return null};google.time=function(){return Date.now()};google.log=function(a,b,c,d,f){if(c=google.logUrl(a,b,c,d,f)){a=new Image;var e=google.lc,g=google.li;e[g]=a;a.onerror=a.onload=a.onabort=function(){delete e[g]};a.src=c;google.li=g+1}};google.logUrl=function(a,b,c,d,f){var e="";c||-1!=b.search("&amp;ei=")||(e="&amp;ei="+google.getEI(d),-1==b.search("&amp;lei=")&amp;&amp;(d=google.getLEI(d))&amp;&amp;(e+="&amp;lei="+d));d="";!c&amp;&amp;window._cshid&amp;&amp;-1==b.search("&amp;cshid=")&amp;&amp;"slh"!=a&amp;&amp;(d="&amp;cshid="+window._cshid);c=c||"/"+(f||"gen_204")+"?atyp=i&amp;ct="+a+"&amp;cad="+b+e+"&amp;zx="+Date.now()+d;/^http:/i.test(c)&amp;&amp;"https:"==window.location.protocol&amp;&amp;(google.ml(Error("a"),!1,{src:c,glmm:1}),c="");return c};}).call(this);(function(){google.y={};google.x=function(a,b){if(a)var c=a.id;else{do c=Math.random();while(google.y[c])}google.y[c]=[a,b];return!1};google.lm=[];google.plm=function(a){google.lm.push.apply(google.lm,a)};google.lq=[];google.load=function(a,b,c){google.lq.push([[a],b,c])};google.loadAll=function(a,b){google.lq.push([a,b])};google.bx=!1;google.lx=function(){};}).call(this);google.f={};(function(){
document.documentElement.addEventListener("submit",function(b){var a;if(a=b.target){var c=a.getAttribute("data-submitfalse");a="1"==c||"q"==c&amp;&amp;!a.elements.q.value?!0:!1}else a=!1;a&amp;&amp;(b.preventDefault(),b.stopPropagation())},!0);document.documentElement.addEventListener("click",function(b){var a;a:{for(a=b.target;a&amp;&amp;a!=document.documentElement;a=a.parentElement)if("A"==a.tagName){a="1"==a.getAttribute("data-nohref");break a}a=!1}a&amp;&amp;b.preventDefault()},!0);}).call(this);
var a=window.location,b=a.href.indexOf("#");if(0&lt;=b){var c=a.href.substring(b+1);/(^|&amp;)q=/.test(c)&amp;&amp;-1==c.indexOf("#")&amp;&amp;a.replace("/search?"+c.replace(/(^|&amp;)fp=[^&amp;]*/g,"")+"&amp;cad=h")};&lt;/script&gt;&lt;style&gt;#gbar,#guser{font-size:13px;padding-top:1px !important;}#gbar{height:22px}#guser{padding-bottom:7px !important;text-align:right}.gbh,.gbd{border-top:1px solid #c9d7f1;font-size:1px}.gbh{height:0;position:absolute;top:24px;width:100%}@media all{.gb1{height:22px;margin-right:.5em;vertical-align:top}#gbar{float:left}}a.gb1,a.gb4{text-decoration:underline !important}a.gb1,a.gb4{color:#00c !important}.gbi .gb4{color:#dd8e27 !important}.gbf .gb4{color:#900 !important}
&lt;/style&gt;&lt;style&gt;body,td,a,p,.h{font-family:arial,sans-serif}body{margin:0;overflow-y:scroll}#gog{padding:3px 8px 0}td{line-height:.8em}.gac_m td{line-height:17px}form{margin-bottom:20px}.h{color:#1558d6}em{font-weight:bold;font-style:normal}.lst{height:25px;width:496px}.gsfi,.lst{font:18px arial,sans-serif}.gsfs{font:17px arial,sans-serif}.ds{display:inline-box;display:inline-block;margin:3px 0 4px;margin-left:4px}input{font-family:inherit}body{background:#fff;color:#000}a{color:#4b11a8;text-decoration:none}a:hover,a:active{text-decoration:underline}.fl a{color:#1558d6}a:visited{color:#4b11a8}.sblc{padding-top:5px}.sblc a{display:block;margin:2px 0;margin-left:13px;font-size:11px}.lsbb{background:#f8f9fa;border:solid 1px;border-color:#dadce0 #70757a #70757a #dadce0;height:30px}.lsbb{display:block}#WqQANb a{display:inline-block;margin:0 12px}.lsb{background:url(/images/nav_logo229.png) 0 -261px repeat-x;border:none;color:#000;cursor:pointer;height:30px;margin:0;outline:0;font:15px arial,sans-serif;vertical-align:top}.lsb:active{background:#dadce0}.lst:focus{outline:none}.tiah{width:458px}&lt;/style&gt;&lt;script nonce="D5fz/Fquo9hulHPl9dgxKA=="&gt;&lt;/script&gt;&lt;/head&gt;&lt;body bgcolor="#fff"&gt;&lt;script nonce="D5fz/Fquo9hulHPl9dgxKA=="&gt;(function(){var src='/images/nav_logo229.png';var iesg=false;document.body.onload = function(){window.n &amp;&amp; window.n();if (document.images){new Image().src=src;}
if (!iesg){document.f&amp;&amp;document.f.q.focus();document.gbqf&amp;&amp;document.gbqf.q.focus();}
}
})();&lt;/script&gt;&lt;div id="mngb"&gt;&lt;div id=gbar&gt;&lt;nobr&gt;&lt;b class=gb1&gt;Haku&lt;/b&gt; &lt;a class=gb1 href="http://www.google.fi/imghp?hl=fi&amp;tab=wi"&gt;Kuvahaku&lt;/a&gt; &lt;a class=gb1 href="http://maps.google.fi/maps?hl=fi&amp;tab=wl"&gt;Maps&lt;/a&gt; &lt;a class=gb1 href="https://play.google.com/?hl=fi&amp;tab=w8"&gt;Play&lt;/a&gt; &lt;a class=gb1 href="http://www.youtube.com/?gl=FI&amp;tab=w1"&gt;YouTube&lt;/a&gt; &lt;a class=gb1 href="https://news.google.com/?tab=wn"&gt;Uutiset&lt;/a&gt; &lt;a class=gb1 href="https://mail.google.com/mail/?tab=wm"&gt;Gmail&lt;/a&gt; &lt;a class=gb1 href="https://drive.google.com/?tab=wo"&gt;Drive&lt;/a&gt; &lt;a class=gb1 style="text-decoration:none" href="https://www.google.fi/intl/fi/about/products?tab=wh"&gt;&lt;u&gt;Lisää&lt;/u&gt; &amp;raquo;&lt;/a&gt;&lt;/nobr&gt;&lt;/div&gt;&lt;div id=guser width=100%&gt;&lt;nobr&gt;&lt;span id=gbn class=gbi&gt;&lt;/span&gt;&lt;span id=gbf class=gbf&gt;&lt;/span&gt;&lt;span id=gbe&gt;&lt;/span&gt;&lt;a href="http://www.google.fi/history/optout?hl=fi" class=gb4&gt;Verkkohistoria&lt;/a&gt; | &lt;a  href="/preferences?hl=fi" class=gb4&gt;Asetukset&lt;/a&gt; | &lt;a target=_top id=gb_70 href="https://accounts.google.com/ServiceLogin?hl=fi&amp;passive=true&amp;continue=http://www.google.com/&amp;ec=GAZAAQ" class=gb4&gt;Kirjaudu sisään&lt;/a&gt;&lt;/nobr&gt;&lt;/div&gt;&lt;div class=gbh style=left:0&gt;&lt;/div&gt;&lt;div class=gbh style=right:0&gt;&lt;/div&gt;&lt;/div&gt;&lt;center&gt;&lt;br clear="all" id="lgpd"&gt;&lt;div id="lga"&gt;&lt;img alt="Google" height="92" src="/images/branding/googlelogo/1x/googlelogo_white_background_color_272x92dp.png" style="padding:28px 0 14px" width="272" id="hplogo"&gt;&lt;br&gt;&lt;br&gt;&lt;/div&gt;&lt;form action="/search" name="f"&gt;&lt;table cellpadding="0" cellspacing="0"&gt;&lt;tr valign="top"&gt;&lt;td width="25%"&gt;&amp;nbsp;&lt;/td&gt;&lt;td align="center" nowrap=""&gt;&lt;input name="ie" value="ISO-8859-1" type="hidden"&gt;&lt;input value="fi" name="hl" type="hidden"&gt;&lt;input name="source" type="hidden" value="hp"&gt;&lt;input name="biw" type="hidden"&gt;&lt;input name="bih" type="hidden"&gt;&lt;div class="ds" style="height:32px;margin:4px 0"&gt;&lt;div style="position:relative;zoom:1"&gt;&lt;input class="lst tiah" style="margin:0;padding:5px 8px 0 6px;vertical-align:top;color:#000;padding-right:38px" autocomplete="off" value="" title="Google-haku" maxlength="2048" name="q" size="57"&gt;&lt;img src="/textinputassistant/tia.png" style="position:absolute;cursor:pointer;right:5px;top:4px;z-index:300" data-script-url="/textinputassistant/11/fi_tia.js" id="tsuid1" alt="" height="23" width="27"&gt;&lt;script nonce="D5fz/Fquo9hulHPl9dgxKA=="&gt;(function(){var id='tsuid1';document.getElementById(id).onclick = function(){var s = document.createElement('script');s.src = this.getAttribute('data-script-url');(document.getElementById('xjsc')||document.body).appendChild(s);};})();&lt;/script&gt;&lt;/div&gt;&lt;/div&gt;&lt;br style="line-height:0"&gt;&lt;span class="ds"&gt;&lt;span class="lsbb"&gt;&lt;input class="lsb" value="Google-haku" name="btnG" type="submit"&gt;&lt;/span&gt;&lt;/span&gt;&lt;span class="ds"&gt;&lt;span class="lsbb"&gt;&lt;input class="lsb" id="tsuid2" value="Kokeilen onneani" name="btnI" type="submit"&gt;&lt;script nonce="D5fz/Fquo9hulHPl9dgxKA=="&gt;(function(){var id='tsuid2';document.getElementById(id).onclick = function(){if (this.form.q.value){this.checked = 1;if (this.form.iflsig)this.form.iflsig.disabled = false;}
else top.location='/doodles/';};})();&lt;/script&gt;&lt;input value="AINFCbYAAAAAYCBMkFXAleCvISnqSyQD5CmAA3n9zVD0" name="iflsig" type="hidden"&gt;&lt;/span&gt;&lt;/span&gt;&lt;/td&gt;&lt;td class="fl sblc" align="left" nowrap="" width="25%"&gt;&lt;a href="/advanced_search?hl=fi&amp;amp;authuser=0"&gt;Tarkennettu haku&lt;/a&gt;&lt;/td&gt;&lt;/tr&gt;&lt;/table&gt;&lt;input id="gbv" name="gbv" type="hidden" value="1"&gt;&lt;script nonce="D5fz/Fquo9hulHPl9dgxKA=="&gt;(function(){var a,b="1";if(document&amp;&amp;document.getElementById)if("undefined"!=typeof XMLHttpRequest)b="2";else if("undefined"!=typeof ActiveXObject){var c,d,e=["MSXML2.XMLHTTP.6.0","MSXML2.XMLHTTP.3.0","MSXML2.XMLHTTP","Microsoft.XMLHTTP"];for(c=0;d=e[c++];)try{new ActiveXObject(d),b="2"}catch(h){}}a=b;if("2"==a&amp;&amp;-1==location.search.indexOf("&amp;gbv=2")){var f=google.gbvu,g=document.getElementById("gbv");g&amp;&amp;(g.value=a);f&amp;&amp;window.setTimeout(function(){location.href=f},0)};}).call(this);&lt;/script&gt;&lt;/form&gt;&lt;div id="gac_scont"&gt;&lt;/div&gt;&lt;div style="font-size:83%;min-height:3.5em"&gt;&lt;br&gt;&lt;div id="gws-output-pages-elements-homepage_additional_languages__als"&gt;&lt;style&gt;#gws-output-pages-elements-homepage_additional_languages__als{font-size:small;margin-bottom:24px}#SIvCob{display:inline-block;line-height:28px;}#SIvCob a{padding:0 3px;}.H6sW5{display:inline-block;margin:0 2px;white-space:nowrap}.z4hgWe{display:inline-block;margin:0 2px}&lt;/style&gt;&lt;div id="SIvCob"&gt;Googlen versiot:  &lt;a href="http://www.google.com/setprefs?sig=0_emqkslMpClqUpIiuk6waQAuSlmM%3D&amp;amp;hl=sv&amp;amp;source=homepage&amp;amp;sa=X&amp;amp;ved=0ahUKEwjM0reNwNjuAhVDwKQKHR3MAOUQ2ZgBCAU"&gt;svenska&lt;/a&gt;  &lt;/div&gt;&lt;/div&gt;&lt;/div&gt;&lt;span id="footer"&gt;&lt;div style="font-size:10pt"&gt;&lt;div style="margin:19px auto;text-align:center" id="WqQANb"&gt;&lt;a href="/intl/fi/ads/"&gt;Googlen mainontaratkaisut&lt;/a&gt;&lt;a href="http://www.google.fi/intl/fi/services/"&gt;Yritysratkaisut&lt;/a&gt;&lt;a href="/intl/fi/about.html"&gt;Tietoja Googlesta&lt;/a&gt;&lt;a href="http://www.google.com/setprefdomain?prefdom=FI&amp;amp;prev=http://www.google.fi/&amp;amp;sig=K_ddu-E0oWJJvs6tmLJFa9w1Gotqk%3D"&gt;Google.fi&lt;/a&gt;&lt;/div&gt;&lt;/div&gt;&lt;p style="font-size:8pt;color:#70757a"&gt;&amp;copy; 2021 - &lt;a href="/intl/fi/policies/privacy/"&gt;Tietosuoja&lt;/a&gt; - &lt;a href="/intl/fi/policies/terms/"&gt;Käyttöehdot&lt;/a&gt;&lt;/p&gt;&lt;/span&gt;&lt;/center&gt;&lt;script nonce="D5fz/Fquo9hulHPl9dgxKA=="&gt;(function(){window.google.cdo={height:0,width:0};(function(){var a=window.innerWidth,b=window.innerHeight;if(!a||!b){var c=window.document,d="CSS1Compat"==c.compatMode?c.documentElement:c.body;a=d.clientWidth;b=d.clientHeight}a&amp;&amp;b&amp;&amp;(a!=google.cdo.width||b!=google.cdo.height)&amp;&amp;google.log("","","/client_204?&amp;atyp=i&amp;biw="+a+"&amp;bih="+b+"&amp;ei="+google.kEI);}).call(this);})();(function(){var u='/xjs/_/js/k\x3dxjs.hp.en.02BgkTr-L6w.O/m\x3dsb_he,d/am\x3dAHiCOA/d\x3d1/rs\x3dACT90oGiLtAlWHg9JmD6-HU45yVFz_RcXg';
var d=this||self,e=/^[\w+/_-]+[=]{0,2}$/,f=null,g=function(a){return(a=a.querySelector&amp;&amp;a.querySelector("script[nonce]"))&amp;&amp;(a=a.nonce||a.getAttribute("nonce"))&amp;&amp;e.test(a)?a:""},h=function(a){return a};var l;var n=function(a,b){this.g=b===m?a:""};n.prototype.toString=function(){return this.g+""};var m={};function p(){var a=u;google.lx=function(){q(a);google.lx=function(){}};google.bx||google.lx()}
function q(a){var b=document;var c="SCRIPT";"application/xhtml+xml"===b.contentType&amp;&amp;(c=c.toLowerCase());c=b.createElement(c);if(void 0===l){b=null;var k=d.trustedTypes;if(k&amp;&amp;k.createPolicy){try{b=k.createPolicy("goog#html",{createHTML:h,createScript:h,createScriptURL:h})}catch(r){d.console&amp;&amp;d.console.error(r.message)}l=b}else l=b}a=(b=l)?b.createScriptURL(a):a;a=new n(a,m);c.src=a instanceof n&amp;&amp;a.constructor===n?a.g:"type_error:TrustedResourceUrl";(a=c.ownerDocument&amp;&amp;c.ownerDocument.defaultView)&amp;&amp;
a!=d?a=g(a.document):(null===f&amp;&amp;(f=g(d.document)),a=f);a&amp;&amp;c.setAttribute("nonce",a);google.timers&amp;&amp;google.timers.load&amp;&amp;google.tick&amp;&amp;google.tick("load","xjsls");document.body.appendChild(c)};setTimeout(function(){p()},0);})();(function(){window.google.xjsu='/xjs/_/js/k\x3dxjs.hp.en.02BgkTr-L6w.O/m\x3dsb_he,d/am\x3dAHiCOA/d\x3d1/rs\x3dACT90oGiLtAlWHg9JmD6-HU45yVFz_RcXg';})();function _DumpException(e){throw e;}
function _F_installCss(c){}
(function(){google.jl={dw:false,em:[],emw:false,lls:'default',pdt:0,snet:true,uwp:true};})();(function(){var pmc='{\x22d\x22:{},\x22sb_he\x22:{\x22agen\x22:true,\x22cgen\x22:true,\x22client\x22:\x22heirloom-hp\x22,\x22dh\x22:true,\x22dhqt\x22:true,\x22ds\x22:\x22\x22,\x22ffql\x22:\x22en\x22,\x22fl\x22:true,\x22host\x22:\x22google.com\x22,\x22isbh\x22:28,\x22jsonp\x22:true,\x22msgs\x22:{\x22cibl\x22:\x22Tyhjennä haku\x22,\x22dym\x22:\x22Tarkoititko:\x22,\x22lcky\x22:\x22Kokeilen onneani\x22,\x22lml\x22:\x22Lisätietoja\x22,\x22oskt\x22:\x22Syöttötyökalut\x22,\x22psrc\x22:\x22Tämä haku on poistettu \\u003Ca href\x3d\\\x22/history\\\x22\\u003EVerkkohistoriastasi\\u003C/a\\u003E\x22,\x22psrl\x22:\x22Poista\x22,\x22sbit\x22:\x22Hae kuvan perusteella\x22,\x22srch\x22:\x22Google-haku\x22},\x22nrft\x22:false,\x22ovr\x22:{},\x22pq\x22:\x22\x22,\x22refpd\x22:true,\x22rfs\x22:[],\x22sbas\x22:\x220 3px 8px 0 rgba(0,0,0,0.2),0 0 0 1px rgba(0,0,0,0.08)\x22,\x22sbpl\x22:16,\x22sbpr\x22:16,\x22scd\x22:10,\x22stok\x22:\x2237x6IDq3qPm99QrPNWhn88NS7OY\x22,\x22uhde\x22:false}}';google.pmc=JSON.parse(pmc);})();&lt;/script&gt;        &lt;/body&gt;&lt;/html&gt;' ]</msg>
<msg timestamp="20210207 19:24:48.437" level="INFO">&lt;!doctype html&gt;&lt;html itemscope="" itemtype="http://schema.org/WebPage" lang="fi"&gt;&lt;head&gt;&lt;meta content="text/html; charset=UTF-8" http-equiv="Content-Type"&gt;&lt;meta content="/images/branding/googleg/1x/googleg_standard_color_128dp.png" itemprop="image"&gt;&lt;title&gt;Google&lt;/title&gt;&lt;script nonce="D5fz/Fquo9hulHPl9dgxKA=="&gt;(function(){window.google={kEI:'gD4gYMySBcOAkwWdmIOoDg',kEXPI:'0,18168,1341241,954,5105,206,3204,10,1590,2316,383,246,5,304,1050,4414,3,834,7889,1114626,1233,1196492,557,328985,51223,16115,28684,9188,8384,1326,3532,1362,9291,3021,2823,1923,6,12835,4998,13228,2054,919,874,4192,6430,14528,4516,2778,919,2277,8,2796,1593,1279,2212,530,149,1103,842,515,1524,155,4101,312,1137,2,2063,606,2023,1777,520,2676,1500,93,330,1282,462,2481,4567,1279,3227,2845,7,12354,5096,7877,4928,108,2855,552,908,2,941,2614,2397,7468,3277,3,346,230,970,865,4625,148,5991,7984,4,1528,2304,217,1019,1145,4752,1697,2892,460,1555,1305,2486,276,1035,6025,713,1,1388,939,2454,1753,2658,491,3752,56,462,912,564,299,165,655,31,1303,2551,3022,211,1043,3285,2213,1397,908,638,1494,605,2,888,4,592,3176,319,2361,55,3187,2246,50,1307,587,11,731,665,2145,376,3294,2346,196,479,142,370,1963,777,363,20,2236,882,6,524,384,3,184,3357,1,1036,2,625,4323,521,492,613,1858,475,368,132,1008,3257,1187,665,245,38,454,208,2619,194,833,1941,617,545,571,144,1,91,146,164,139,1,525,127,2,60,421,593,179,2363,285,397,32,368,32,266,3303,77,424,80,966,34,190,2,79,259,218,4,114,720,177,404,246,173,305,210,44,445,207,2,54,194,175,63,109,537,799,215,3,2,9,270,992,574,1318,393,904,2,5696956,3870,35,62,8797949,549,333,444,1,2,80,1,900,896,1,9,2,2551,1,748,141,59,736,563,1,4265,1,1,2,1331,3299,248,595,1,2608,155,17,13,14,8,4,15,16,15,33,4,1,23,4,23,50,23957258,4010737,519',kBL:'yH2-'};google.sn='webhp';google.kHL='fi';})();(function(){
google.lc=[];google.li=0;google.getEI=function(a){for(var b;a&amp;&amp;(!a.getAttribute||!(b=a.getAttribute("eid")));)a=a.parentNode;return b||google.kEI};google.getLEI=function(a){for(var b=null;a&amp;&amp;(!a.getAttribute||!(b=a.getAttribute("leid")));)a=a.parentNode;return b};google.ml=function(){return null};google.time=function(){return Date.now()};google.log=function(a,b,c,d,f){if(c=google.logUrl(a,b,c,d,f)){a=new Image;var e=google.lc,g=google.li;e[g]=a;a.onerror=a.onload=a.onabort=function(){delete e[g]};a.src=c;google.li=g+1}};google.logUrl=function(a,b,c,d,f){var e="";c||-1!=b.search("&amp;ei=")||(e="&amp;ei="+google.getEI(d),-1==b.search("&amp;lei=")&amp;&amp;(d=google.getLEI(d))&amp;&amp;(e+="&amp;lei="+d));d="";!c&amp;&amp;window._cshid&amp;&amp;-1==b.search("&amp;cshid=")&amp;&amp;"slh"!=a&amp;&amp;(d="&amp;cshid="+window._cshid);c=c||"/"+(f||"gen_204")+"?atyp=i&amp;ct="+a+"&amp;cad="+b+e+"&amp;zx="+Date.now()+d;/^http:/i.test(c)&amp;&amp;"https:"==window.location.protocol&amp;&amp;(google.ml(Error("a"),!1,{src:c,glmm:1}),c="");return c};}).call(this);(function(){google.y={};google.x=function(a,b){if(a)var c=a.id;else{do c=Math.random();while(google.y[c])}google.y[c]=[a,b];return!1};google.lm=[];google.plm=function(a){google.lm.push.apply(google.lm,a)};google.lq=[];google.load=function(a,b,c){google.lq.push([[a],b,c])};google.loadAll=function(a,b){google.lq.push([a,b])};google.bx=!1;google.lx=function(){};}).call(this);google.f={};(function(){
document.documentElement.addEventListener("submit",function(b){var a;if(a=b.target){var c=a.getAttribute("data-submitfalse");a="1"==c||"q"==c&amp;&amp;!a.elements.q.value?!0:!1}else a=!1;a&amp;&amp;(b.preventDefault(),b.stopPropagation())},!0);document.documentElement.addEventListener("click",function(b){var a;a:{for(a=b.target;a&amp;&amp;a!=document.documentElement;a=a.parentElement)if("A"==a.tagName){a="1"==a.getAttribute("data-nohref");break a}a=!1}a&amp;&amp;b.preventDefault()},!0);}).call(this);
var a=window.location,b=a.href.indexOf("#");if(0&lt;=b){var c=a.href.substring(b+1);/(^|&amp;)q=/.test(c)&amp;&amp;-1==c.indexOf("#")&amp;&amp;a.replace("/search?"+c.replace(/(^|&amp;)fp=[^&amp;]*/g,"")+"&amp;cad=h")};&lt;/script&gt;&lt;style&gt;#gbar,#guser{font-size:13px;padding-top:1px !important;}#gbar{height:22px}#guser{padding-bottom:7px !important;text-align:right}.gbh,.gbd{border-top:1px solid #c9d7f1;font-size:1px}.gbh{height:0;position:absolute;top:24px;width:100%}@media all{.gb1{height:22px;margin-right:.5em;vertical-align:top}#gbar{float:left}}a.gb1,a.gb4{text-decoration:underline !important}a.gb1,a.gb4{color:#00c !important}.gbi .gb4{color:#dd8e27 !important}.gbf .gb4{color:#900 !important}
&lt;/style&gt;&lt;style&gt;body,td,a,p,.h{font-family:arial,sans-serif}body{margin:0;overflow-y:scroll}#gog{padding:3px 8px 0}td{line-height:.8em}.gac_m td{line-height:17px}form{margin-bottom:20px}.h{color:#1558d6}em{font-weight:bold;font-style:normal}.lst{height:25px;width:496px}.gsfi,.lst{font:18px arial,sans-serif}.gsfs{font:17px arial,sans-serif}.ds{display:inline-box;display:inline-block;margin:3px 0 4px;margin-left:4px}input{font-family:inherit}body{background:#fff;color:#000}a{color:#4b11a8;text-decoration:none}a:hover,a:active{text-decoration:underline}.fl a{color:#1558d6}a:visited{color:#4b11a8}.sblc{padding-top:5px}.sblc a{display:block;margin:2px 0;margin-left:13px;font-size:11px}.lsbb{background:#f8f9fa;border:solid 1px;border-color:#dadce0 #70757a #70757a #dadce0;height:30px}.lsbb{display:block}#WqQANb a{display:inline-block;margin:0 12px}.lsb{background:url(/images/nav_logo229.png) 0 -261px repeat-x;border:none;color:#000;cursor:pointer;height:30px;margin:0;outline:0;font:15px arial,sans-serif;vertical-align:top}.lsb:active{background:#dadce0}.lst:focus{outline:none}.tiah{width:458px}&lt;/style&gt;&lt;script nonce="D5fz/Fquo9hulHPl9dgxKA=="&gt;&lt;/script&gt;&lt;/head&gt;&lt;body bgcolor="#fff"&gt;&lt;script nonce="D5fz/Fquo9hulHPl9dgxKA=="&gt;(function(){var src='/images/nav_logo229.png';var iesg=false;document.body.onload = function(){window.n &amp;&amp; window.n();if (document.images){new Image().src=src;}
if (!iesg){document.f&amp;&amp;document.f.q.focus();document.gbqf&amp;&amp;document.gbqf.q.focus();}
}
})();&lt;/script&gt;&lt;div id="mngb"&gt;&lt;div id=gbar&gt;&lt;nobr&gt;&lt;b class=gb1&gt;Haku&lt;/b&gt; &lt;a class=gb1 href="http://www.google.fi/imghp?hl=fi&amp;tab=wi"&gt;Kuvahaku&lt;/a&gt; &lt;a class=gb1 href="http://maps.google.fi/maps?hl=fi&amp;tab=wl"&gt;Maps&lt;/a&gt; &lt;a class=gb1 href="https://play.google.com/?hl=fi&amp;tab=w8"&gt;Play&lt;/a&gt; &lt;a class=gb1 href="http://www.youtube.com/?gl=FI&amp;tab=w1"&gt;YouTube&lt;/a&gt; &lt;a class=gb1 href="https://news.google.com/?tab=wn"&gt;Uutiset&lt;/a&gt; &lt;a class=gb1 href="https://mail.google.com/mail/?tab=wm"&gt;Gmail&lt;/a&gt; &lt;a class=gb1 href="https://drive.google.com/?tab=wo"&gt;Drive&lt;/a&gt; &lt;a class=gb1 style="text-decoration:none" href="https://www.google.fi/intl/fi/about/products?tab=wh"&gt;&lt;u&gt;Lisää&lt;/u&gt; &amp;raquo;&lt;/a&gt;&lt;/nobr&gt;&lt;/div&gt;&lt;div id=guser width=100%&gt;&lt;nobr&gt;&lt;span id=gbn class=gbi&gt;&lt;/span&gt;&lt;span id=gbf class=gbf&gt;&lt;/span&gt;&lt;span id=gbe&gt;&lt;/span&gt;&lt;a href="http://www.google.fi/history/optout?hl=fi" class=gb4&gt;Verkkohistoria&lt;/a&gt; | &lt;a  href="/preferences?hl=fi" class=gb4&gt;Asetukset&lt;/a&gt; | &lt;a target=_top id=gb_70 href="https://accounts.google.com/ServiceLogin?hl=fi&amp;passive=true&amp;continue=http://www.google.com/&amp;ec=GAZAAQ" class=gb4&gt;Kirjaudu sisään&lt;/a&gt;&lt;/nobr&gt;&lt;/div&gt;&lt;div class=gbh style=left:0&gt;&lt;/div&gt;&lt;div class=gbh style=right:0&gt;&lt;/div&gt;&lt;/div&gt;&lt;center&gt;&lt;br clear="all" id="lgpd"&gt;&lt;div id="lga"&gt;&lt;img alt="Google" height="92" src="/images/branding/googlelogo/1x/googlelogo_white_background_color_272x92dp.png" style="padding:28px 0 14px" width="272" id="hplogo"&gt;&lt;br&gt;&lt;br&gt;&lt;/div&gt;&lt;form action="/search" name="f"&gt;&lt;table cellpadding="0" cellspacing="0"&gt;&lt;tr valign="top"&gt;&lt;td width="25%"&gt;&amp;nbsp;&lt;/td&gt;&lt;td align="center" nowrap=""&gt;&lt;input name="ie" value="ISO-8859-1" type="hidden"&gt;&lt;input value="fi" name="hl" type="hidden"&gt;&lt;input name="source" type="hidden" value="hp"&gt;&lt;input name="biw" type="hidden"&gt;&lt;input name="bih" type="hidden"&gt;&lt;div class="ds" style="height:32px;margin:4px 0"&gt;&lt;div style="position:relative;zoom:1"&gt;&lt;input class="lst tiah" style="margin:0;padding:5px 8px 0 6px;vertical-align:top;color:#000;padding-right:38px" autocomplete="off" value="" title="Google-haku" maxlength="2048" name="q" size="57"&gt;&lt;img src="/textinputassistant/tia.png" style="position:absolute;cursor:pointer;right:5px;top:4px;z-index:300" data-script-url="/textinputassistant/11/fi_tia.js" id="tsuid1" alt="" height="23" width="27"&gt;&lt;script nonce="D5fz/Fquo9hulHPl9dgxKA=="&gt;(function(){var id='tsuid1';document.getElementById(id).onclick = function(){var s = document.createElement('script');s.src = this.getAttribute('data-script-url');(document.getElementById('xjsc')||document.body).appendChild(s);};})();&lt;/script&gt;&lt;/div&gt;&lt;/div&gt;&lt;br style="line-height:0"&gt;&lt;span class="ds"&gt;&lt;span class="lsbb"&gt;&lt;input class="lsb" value="Google-haku" name="btnG" type="submit"&gt;&lt;/span&gt;&lt;/span&gt;&lt;span class="ds"&gt;&lt;span class="lsbb"&gt;&lt;input class="lsb" id="tsuid2" value="Kokeilen onneani" name="btnI" type="submit"&gt;&lt;script nonce="D5fz/Fquo9hulHPl9dgxKA=="&gt;(function(){var id='tsuid2';document.getElementById(id).onclick = function(){if (this.form.q.value){this.checked = 1;if (this.form.iflsig)this.form.iflsig.disabled = false;}
else top.location='/doodles/';};})();&lt;/script&gt;&lt;input value="AINFCbYAAAAAYCBMkFXAleCvISnqSyQD5CmAA3n9zVD0" name="iflsig" type="hidden"&gt;&lt;/span&gt;&lt;/span&gt;&lt;/td&gt;&lt;td class="fl sblc" align="left" nowrap="" width="25%"&gt;&lt;a href="/advanced_search?hl=fi&amp;amp;authuser=0"&gt;Tarkennettu haku&lt;/a&gt;&lt;/td&gt;&lt;/tr&gt;&lt;/table&gt;&lt;input id="gbv" name="gbv" type="hidden" value="1"&gt;&lt;script nonce="D5fz/Fquo9hulHPl9dgxKA=="&gt;(function(){var a,b="1";if(document&amp;&amp;document.getElementById)if("undefined"!=typeof XMLHttpRequest)b="2";else if("undefined"!=typeof ActiveXObject){var c,d,e=["MSXML2.XMLHTTP.6.0","MSXML2.XMLHTTP.3.0","MSXML2.XMLHTTP","Microsoft.XMLHTTP"];for(c=0;d=e[c++];)try{new ActiveXObject(d),b="2"}catch(h){}}a=b;if("2"==a&amp;&amp;-1==location.search.indexOf("&amp;gbv=2")){var f=google.gbvu,g=document.getElementById("gbv");g&amp;&amp;(g.value=a);f&amp;&amp;window.setTimeout(function(){location.href=f},0)};}).call(this);&lt;/script&gt;&lt;/form&gt;&lt;div id="gac_scont"&gt;&lt;/div&gt;&lt;div style="font-size:83%;min-height:3.5em"&gt;&lt;br&gt;&lt;div id="gws-output-pages-elements-homepage_additional_languages__als"&gt;&lt;style&gt;#gws-output-pages-elements-homepage_additional_languages__als{font-size:small;margin-bottom:24px}#SIvCob{display:inline-block;line-height:28px;}#SIvCob a{padding:0 3px;}.H6sW5{display:inline-block;margin:0 2px;white-space:nowrap}.z4hgWe{display:inline-block;margin:0 2px}&lt;/style&gt;&lt;div id="SIvCob"&gt;Googlen versiot:  &lt;a href="http://www.google.com/setprefs?sig=0_emqkslMpClqUpIiuk6waQAuSlmM%3D&amp;amp;hl=sv&amp;amp;source=homepage&amp;amp;sa=X&amp;amp;ved=0ahUKEwjM0reNwNjuAhVDwKQKHR3MAOUQ2ZgBCAU"&gt;svenska&lt;/a&gt;  &lt;/div&gt;&lt;/div&gt;&lt;/div&gt;&lt;span id="footer"&gt;&lt;div style="font-size:10pt"&gt;&lt;div style="margin:19px auto;text-align:center" id="WqQANb"&gt;&lt;a href="/intl/fi/ads/"&gt;Googlen mainontaratkaisut&lt;/a&gt;&lt;a href="http://www.google.fi/intl/fi/services/"&gt;Yritysratkaisut&lt;/a&gt;&lt;a href="/intl/fi/about.html"&gt;Tietoja Googlesta&lt;/a&gt;&lt;a href="http://www.google.com/setprefdomain?prefdom=FI&amp;amp;prev=http://www.google.fi/&amp;amp;sig=K_ddu-E0oWJJvs6tmLJFa9w1Gotqk%3D"&gt;Google.fi&lt;/a&gt;&lt;/div&gt;&lt;/div&gt;&lt;p style="font-size:8pt;color:#70757a"&gt;&amp;copy; 2021 - &lt;a href="/intl/fi/policies/privacy/"&gt;Tietosuoja&lt;/a&gt; - &lt;a href="/intl/fi/policies/terms/"&gt;Käyttöehdot&lt;/a&gt;&lt;/p&gt;&lt;/span&gt;&lt;/center&gt;&lt;script nonce="D5fz/Fquo9hulHPl9dgxKA=="&gt;(function(){window.google.cdo={height:0,width:0};(function(){var a=window.innerWidth,b=window.innerHeight;if(!a||!b){var c=window.document,d="CSS1Compat"==c.compatMode?c.documentElement:c.body;a=d.clientWidth;b=d.clientHeight}a&amp;&amp;b&amp;&amp;(a!=google.cdo.width||b!=google.cdo.height)&amp;&amp;google.log("","","/client_204?&amp;atyp=i&amp;biw="+a+"&amp;bih="+b+"&amp;ei="+google.kEI);}).call(this);})();(function(){var u='/xjs/_/js/k\x3dxjs.hp.en.02BgkTr-L6w.O/m\x3dsb_he,d/am\x3dAHiCOA/d\x3d1/rs\x3dACT90oGiLtAlWHg9JmD6-HU45yVFz_RcXg';
var d=this||self,e=/^[\w+/_-]+[=]{0,2}$/,f=null,g=function(a){return(a=a.querySelector&amp;&amp;a.querySelector("script[nonce]"))&amp;&amp;(a=a.nonce||a.getAttribute("nonce"))&amp;&amp;e.test(a)?a:""},h=function(a){return a};var l;var n=function(a,b){this.g=b===m?a:""};n.prototype.toString=function(){return this.g+""};var m={};function p(){var a=u;google.lx=function(){q(a);google.lx=function(){}};google.bx||google.lx()}
function q(a){var b=document;var c="SCRIPT";"application/xhtml+xml"===b.contentType&amp;&amp;(c=c.toLowerCase());c=b.createElement(c);if(void 0===l){b=null;var k=d.trustedTypes;if(k&amp;&amp;k.createPolicy){try{b=k.createPolicy("goog#html",{createHTML:h,createScript:h,createScriptURL:h})}catch(r){d.console&amp;&amp;d.console.error(r.message)}l=b}else l=b}a=(b=l)?b.createScriptURL(a):a;a=new n(a,m);c.src=a instanceof n&amp;&amp;a.constructor===n?a.g:"type_error:TrustedResourceUrl";(a=c.ownerDocument&amp;&amp;c.ownerDocument.defaultView)&amp;&amp;
a!=d?a=g(a.document):(null===f&amp;&amp;(f=g(d.document)),a=f);a&amp;&amp;c.setAttribute("nonce",a);google.timers&amp;&amp;google.timers.load&amp;&amp;google.tick&amp;&amp;google.tick("load","xjsls");document.body.appendChild(c)};setTimeout(function(){p()},0);})();(function(){window.google.xjsu='/xjs/_/js/k\x3dxjs.hp.en.02BgkTr-L6w.O/m\x3dsb_he,d/am\x3dAHiCOA/d\x3d1/rs\x3dACT90oGiLtAlWHg9JmD6-HU45yVFz_RcXg';})();function _DumpException(e){throw e;}
function _F_installCss(c){}
(function(){google.jl={dw:false,em:[],emw:false,lls:'default',pdt:0,snet:true,uwp:true};})();(function(){var pmc='{\x22d\x22:{},\x22sb_he\x22:{\x22agen\x22:true,\x22cgen\x22:true,\x22client\x22:\x22heirloom-hp\x22,\x22dh\x22:true,\x22dhqt\x22:true,\x22ds\x22:\x22\x22,\x22ffql\x22:\x22en\x22,\x22fl\x22:true,\x22host\x22:\x22google.com\x22,\x22isbh\x22:28,\x22jsonp\x22:true,\x22msgs\x22:{\x22cibl\x22:\x22Tyhjennä haku\x22,\x22dym\x22:\x22Tarkoititko:\x22,\x22lcky\x22:\x22Kokeilen onneani\x22,\x22lml\x22:\x22Lisätietoja\x22,\x22oskt\x22:\x22Syöttötyökalut\x22,\x22psrc\x22:\x22Tämä haku on poistettu \\u003Ca href\x3d\\\x22/history\\\x22\\u003EVerkkohistoriastasi\\u003C/a\\u003E\x22,\x22psrl\x22:\x22Poista\x22,\x22sbit\x22:\x22Hae kuvan perusteella\x22,\x22srch\x22:\x22Google-haku\x22},\x22nrft\x22:false,\x22ovr\x22:{},\x22pq\x22:\x22\x22,\x22refpd\x22:true,\x22rfs\x22:[],\x22sbas\x22:\x220 3px 8px 0 rgba(0,0,0,0.2),0 0 0 1px rgba(0,0,0,0.08)\x22,\x22sbpl\x22:16,\x22sbpr\x22:16,\x22scd\x22:10,\x22stok\x22:\x2237x6IDq3qPm99QrPNWhn88NS7OY\x22,\x22uhde\x22:false}}';google.pmc=JSON.parse(pmc);})();&lt;/script&gt;        &lt;/body&gt;&lt;/html&gt;</msg>
<msg timestamp="20210207 19:24:48.439" level="TRACE">Return: None</msg>
<status status="PASS" starttime="20210207 19:24:48.435" endtime="20210207 19:24:48.439"></status>
</kw>
<status status="PASS" starttime="20210207 19:24:47.271" endtime="20210207 19:24:48.439" critical="yes"></status>
</test>
<status status="PASS" starttime="20210207 19:24:47.262" endtime="20210207 19:24:48.440"></status>
</suite>
<status status="PASS" starttime="20210207 19:24:36.552" endtime="20210207 19:24:48.443"></status>
</suite>
<statistics>
<total>
<stat pass="3" fail="0">Critical Tests</stat>
<stat pass="3" fail="0">All Tests</stat>
</total>
<tag>
</tag>
<suite>
<stat pass="3" fail="0" id="s1" name="Tests">Tests</stat>
<stat pass="1" fail="0" id="s1-s1" name="DB">Tests.DB</stat>
<stat pass="1" fail="0" id="s1-s2" name="PythonLibrary">Tests.PythonLibrary</stat>
<stat pass="1" fail="0" id="s1-s3" name="REST">Tests.REST</stat>
</suite>
</statistics>
<errors>
</errors>
</robot>
